<?xml version="1.0" encoding="UTF-8"?>
<!-- Generated by org.testng.reporters.JUnitReportReporter -->
<testsuite hostname="DELL-TAEL31S" failures="0" tests="2" name="testNG.FB2_testNG" time="41.782" errors="0" timestamp="2021-08-02T18:51:10 IST" skipped="0">
  <testcase classname="testNG.FB2_testNG" name="f" time="20.919"/>
  <system-out/>
  <testcase classname="testNG.FB2_testNG" name="f" time="20.863"/>
  <system-out/>
</testsuite> <!-- testNG.FB2_testNG -->
