<?xml version="1.0" encoding="UTF-8"?>
<!-- Generated by org.testng.reporters.JUnitReportReporter -->
<testsuite hostname="DELL-TAEL31S" failures="0" tests="1" name="testNG.Blaze_testNG" time="27.728" errors="0" timestamp="2021-08-02T18:51:10 IST" skipped="0">
  <testcase classname="testNG.Blaze_testNG" name="f" time="27.728"/>
  <system-out/>
</testsuite> <!-- testNG.Blaze_testNG -->
