<?xml version="1.0" encoding="UTF-8"?>
<!-- Generated by org.testng.reporters.JUnitReportReporter -->
<testsuite hostname="DELL-TAEL31S" failures="0" tests="2" name="testNG.FB_testNG" time="18.574" errors="0" timestamp="2021-08-02T19:34:25 IST" skipped="0">
  <testcase classname="testNG.FB_testNG" name="f" time="9.331"/>
  <system-out/>
  <testcase classname="testNG.FB_testNG" name="f" time="9.243"/>
  <system-out/>
</testsuite> <!-- testNG.FB_testNG -->
