<?xml version="1.0" encoding="UTF-8"?>
<!-- Generated by org.testng.reporters.JUnitReportReporter -->
<testsuite hostname="DELL-TAEL31S" failures="0" tests="1" name="testNG.NewTest" time="7.265" errors="0" timestamp="2021-08-02T18:51:10 IST" skipped="0">
  <testcase classname="testNG.NewTest" name="f" time="7.265"/>
  <system-out/>
</testsuite> <!-- testNG.NewTest -->
